running develop
/usr/lib/python3/dist-packages/setuptools/command/easy_install.py:158: EasyInstallDeprecationWarning: easy_install command is deprecated. Use build and pip and other standards-based tools.
  warnings.warn(
running egg_info
creating sea_drone_ros2.egg-info
writing sea_drone_ros2.egg-info/PKG-INFO
writing dependency_links to sea_drone_ros2.egg-info/dependency_links.txt
writing entry points to sea_drone_ros2.egg-info/entry_points.txt
writing requirements to sea_drone_ros2.egg-info/requires.txt
writing top-level names to sea_drone_ros2.egg-info/top_level.txt
writing manifest file 'sea_drone_ros2.egg-info/SOURCES.txt'
reading manifest file 'sea_drone_ros2.egg-info/SOURCES.txt'
writing manifest file 'sea_drone_ros2.egg-info/SOURCES.txt'
running build_ext
Creating /home/nakahira/ros2_ws/src/sea_drone_ros2/install/sea_drone_ros2/lib/python3.10/site-packages/sea-drone-ros2.egg-link (link to .)
Installing controller_aruco script to /home/nakahira/ros2_ws/src/sea_drone_ros2/install/sea_drone_ros2/lib/sea_drone_ros2
Installing receiver script to /home/nakahira/ros2_ws/src/sea_drone_ros2/install/sea_drone_ros2/lib/sea_drone_ros2

Installed /home/nakahira/ros2_ws/src/sea_drone_ros2/build/sea_drone_ros2
running symlink_data
creating /home/nakahira/ros2_ws/src/sea_drone_ros2/install/sea_drone_ros2/share/ament_index
creating /home/nakahira/ros2_ws/src/sea_drone_ros2/install/sea_drone_ros2/share/ament_index/resource_index
creating /home/nakahira/ros2_ws/src/sea_drone_ros2/install/sea_drone_ros2/share/ament_index/resource_index/packages
symbolically linking /home/nakahira/ros2_ws/src/sea_drone_ros2/build/sea_drone_ros2/resource/sea_drone_ros2 -> /home/nakahira/ros2_ws/src/sea_drone_ros2/install/sea_drone_ros2/share/ament_index/resource_index/packages
symbolically linking /home/nakahira/ros2_ws/src/sea_drone_ros2/build/sea_drone_ros2/package.xml -> /home/nakahira/ros2_ws/src/sea_drone_ros2/install/sea_drone_ros2/share/sea_drone_ros2
